<?xml version="1.0" encoding="utf-8"?><testsuites name="pytest tests"><testsuite name="pytest" errors="0" failures="0" skipped="0" tests="9" time="1.805" timestamp="2026-05-03T05:48:24.672973+00:00" hostname="agent-env-415b7f88-c45f-4e9c-b91c-225ad4d71234"><testcase classname="backend.tests.test_backend.TestRoot" name="test_api_root" time="0.220" /><testcase classname="backend.tests.test_backend.TestContact" name="test_create_contact_valid" time="0.205" /><testcase classname="backend.tests.test_backend.TestContact" name="test_create_contact_no_company" time="0.182" /><testcase classname="backend.tests.test_backend.TestContact" name="test_list_contacts_no_id_leak" time="0.115" /><testcase classname="backend.tests.test_backend.TestContact" name="test_create_and_verify_persistence" time="0.200" /><testcase classname="backend.tests.test_backend.TestContact" name="test_invalid_email_rejected" time="0.136" /><testcase classname="backend.tests.test_backend.TestContact" name="test_empty_name_rejected" time="0.129" /><testcase classname="backend.tests.test_backend.TestContact" name="test_empty_message_rejected" time="0.113" /><testcase classname="backend.tests.test_backend.TestContact" name="test_missing_fields_rejected" time="0.130" /></testsuite></testsuites>