<?xml version="1.0" encoding="utf-8"?><testsuites name="pytest tests"><testsuite name="pytest" errors="0" failures="0" skipped="0" tests="9" time="3.903" timestamp="2026-05-03T06:17:39.540955+00:00" hostname="agent-env-415b7f88-c45f-4e9c-b91c-225ad4d71234"><testcase classname="backend.tests.test_backend.TestRoot" name="test_api_root" time="0.542" /><testcase classname="backend.tests.test_backend.TestContact" name="test_create_contact_valid" time="0.315" /><testcase classname="backend.tests.test_backend.TestContact" name="test_create_contact_no_company" time="0.340" /><testcase classname="backend.tests.test_backend.TestContact" name="test_list_contacts_no_id_leak" time="0.237" /><testcase classname="backend.tests.test_backend.TestContact" name="test_create_and_verify_persistence" time="0.321" /><testcase classname="backend.tests.test_backend.TestContact" name="test_invalid_email_rejected" time="0.251" /><testcase classname="backend.tests.test_backend.TestContact" name="test_empty_name_rejected" time="0.243" /><testcase classname="backend.tests.test_backend.TestContact" name="test_empty_message_rejected" time="0.259" /><testcase classname="backend.tests.test_backend.TestContact" name="test_missing_fields_rejected" time="0.279" /></testsuite></testsuites>